<?xml version="1.0" encoding="UTF-8"?>
<!-- Generated by org.testng.reporters.JUnitReportReporter -->
<testsuite hostname="LAPTOP-LFBBVRUU" failures="0" tests="1" name="testing.parameterization.ParameterExample" time="15.347" errors="0" timestamp="2024-08-31T07:35:27 ICT" skipped="0">
  <testcase classname="testing.parameterization.ParameterExample" name="verifyParameterizationCases" time="15.347"/>
</testsuite> <!-- testing.parameterization.ParameterExample -->
